                      :-) GROMACS - gmx mdrun, 2020.1 (-:

                            GROMACS is written by:
     Emile Apol      Rossen Apostolov      Paul Bauer     Herman J.C. Berendsen
    Par Bjelkmar      Christian Blau   Viacheslav Bolnykh     Kevin Boyd    
 Aldert van Buuren   Rudi van Drunen     Anton Feenstra       Alan Gray     
  Gerrit Groenhof     Anca Hamuraru    Vincent Hindriksen  M. Eric Irrgang  
  Aleksei Iupinov   Christoph Junghans     Joe Jordan     Dimitrios Karkoulis
    Peter Kasson        Jiri Kraus      Carsten Kutzner      Per Larsson    
  Justin A. Lemkul    Viveca Lindahl    Magnus Lundborg     Erik Marklund   
    Pascal Merz     Pieter Meulenhoff    Teemu Murtola       Szilard Pall   
    Sander Pronk      Roland Schulz      Michael Shirts    Alexey Shvetsov  
   Alfons Sijbers     Peter Tieleman      Jon Vincent      Teemu Virolainen 
 Christian Wennberg    Maarten Wolf      Artem Zhmurov   
                           and the project leaders:
        Mark Abraham, Berk Hess, Erik Lindahl, and David van der Spoel

Copyright (c) 1991-2000, University of Groningen, The Netherlands.
Copyright (c) 2001-2019, The GROMACS development team at
Uppsala University, Stockholm University and
the Royal Institute of Technology, Sweden.
check out http://www.gromacs.org for more information.

GROMACS is free software; you can redistribute it and/or modify it
under the terms of the GNU Lesser General Public License
as published by the Free Software Foundation; either version 2.1
of the License, or (at your option) any later version.

GROMACS:      gmx mdrun, version 2020.1
Executable:   /system/software/arcus-htc/gpu/gromacs/2020.1/intel-2018/float/bin/gmx
Data prefix:  /system/software/arcus-htc/gpu/gromacs/2020.1/intel-2018/float
Working dir:  /home/bioc1550/run
Process ID:   12211
Command line:
  gmx mdrun -deffnm md -v

GROMACS version:    2020.1
Verified release checksum is 5cde61b9d46b24153ba84f499c996612640b965eff9a218f8f5e561f94ff4e43
Precision:          single
Memory model:       64 bit
MPI library:        thread_mpi
OpenMP support:     enabled (GMX_OPENMP_MAX_THREADS = 64)
GPU support:        CUDA
SIMD instructions:  AVX_256
FFT library:        Intel MKL
RDTSCP usage:       enabled
TNG support:        enabled
Hwloc support:      hwloc-1.11.8
Tracing support:    disabled
C compiler:         /system/software/linux-x86_64/compilers/intel/intelPS-2018/bin/icc Intel 18.0.3.20180410
C compiler flags:   -mavx -mkl=sequential -std=gnu99 -ip -funroll-all-loops -alias-const -ansi-alias -no-prec-div -fimf-domain-exclusion=14 -qoverride-limits
C++ compiler:       /system/software/linux-x86_64/compilers/intel/intelPS-2018/bin/icpc Intel 18.0.3.20180410
C++ compiler flags: -mavx -mkl=sequential -ip -funroll-all-loops -alias-const -ansi-alias -no-prec-div -fimf-domain-exclusion=14 -qoverride-limits -qopenmp
CUDA compiler:      /system/software/arcus-htc/cuda-toolkit/10.2.89/bin/nvcc nvcc: NVIDIA (R) Cuda compiler driver;Copyright (c) 2005-2019 NVIDIA Corporation;Built on Wed_Oct_23_19:24:38_PDT_2019;Cuda compilation tools, release 10.2, V10.2.89
CUDA compiler flags:-std=c++14;-gencode;arch=compute_30,code=sm_30;-gencode;arch=compute_35,code=sm_35;-gencode;arch=compute_37,code=sm_37;-gencode;arch=compute_50,code=sm_50;-gencode;arch=compute_52,code=sm_52;-gencode;arch=compute_60,code=sm_60;-gencode;arch=compute_61,code=sm_61;-gencode;arch=compute_70,code=sm_70;-gencode;arch=compute_35,code=compute_35;-gencode;arch=compute_50,code=compute_50;-gencode;arch=compute_52,code=compute_52;-gencode;arch=compute_60,code=compute_60;-gencode;arch=compute_61,code=compute_61;-gencode;arch=compute_70,code=compute_70;-gencode;arch=compute_75,code=compute_75;-use_fast_math;;-mavx -mkl=sequential -ip -funroll-all-loops -alias-const -ansi-alias -no-prec-div -fimf-domain-exclusion=14 -qoverride-limits -qopenmp
CUDA driver:        0.0
CUDA runtime:       N/A


Running on 1 node with total 16 cores, 16 logical cores (GPU detection deactivated)
Hardware detected:
  CPU info:
    Vendor: Intel
    Brand:  Intel(R) Xeon(R) CPU E5-2650 0 @ 2.00GHz
    Family: 6   Model: 45   Stepping: 7
    Features: aes apic avx clfsh cmov cx8 cx16 htt intel lahf mmx msr nonstop_tsc pcid pclmuldq pdcm pdpe1gb popcnt pse rdtscp sse2 sse3 sse4.1 sse4.2 ssse3 tdt x2apic
  Hardware topology: Full, with devices
    Sockets, cores, and logical processors:
      Socket  0: [   0] [   1] [   2] [   3] [   4] [   5] [   6] [   7]
      Socket  1: [   8] [   9] [  10] [  11] [  12] [  13] [  14] [  15]
    Numa nodes:
      Node  0 (34307952640 bytes mem):   0   1   2   3   4   5   6   7
      Node  1 (34359738368 bytes mem):   8   9  10  11  12  13  14  15
      Latency:
               0     1
         0  1.00  2.10
         1  2.10  1.00
    Caches:
      L1: 32768 bytes, linesize 64 bytes, assoc. 8, shared 1 ways
      L2: 262144 bytes, linesize 64 bytes, assoc. 8, shared 1 ways
      L3: 20971520 bytes, linesize 64 bytes, assoc. 20, shared 8 ways
    PCI devices:
      0000:02:00.0  Id: 8086:1521  Class: 0x0200  Numa: 0
      0000:02:00.3  Id: 8086:1521  Class: 0x0200  Numa: 0
      0000:03:00.0  Id: 1077:7322  Class: 0x0c06  Numa: 0
      0000:06:00.0  Id: 1a03:2000  Class: 0x0300  Numa: 0
      0000:00:1f.2  Id: 8086:1d02  Class: 0x0106  Numa: 0


++++ PLEASE READ AND CITE THE FOLLOWING REFERENCE ++++
M. J. Abraham, T. Murtola, R. Schulz, S. Páll, J. C. Smith, B. Hess, E.
Lindahl
GROMACS: High performance molecular simulations through multi-level
parallelism from laptops to supercomputers
SoftwareX 1 (2015) pp. 19-25
-------- -------- --- Thank You --- -------- --------


++++ PLEASE READ AND CITE THE FOLLOWING REFERENCE ++++
S. Páll, M. J. Abraham, C. Kutzner, B. Hess, E. Lindahl
Tackling Exascale Software Challenges in Molecular Dynamics Simulations with
GROMACS
In S. Markidis & E. Laure (Eds.), Solving Software Challenges for Exascale 8759 (2015) pp. 3-27
-------- -------- --- Thank You --- -------- --------


++++ PLEASE READ AND CITE THE FOLLOWING REFERENCE ++++
S. Pronk, S. Páll, R. Schulz, P. Larsson, P. Bjelkmar, R. Apostolov, M. R.
Shirts, J. C. Smith, P. M. Kasson, D. van der Spoel, B. Hess, and E. Lindahl
GROMACS 4.5: a high-throughput and highly parallel open source molecular
simulation toolkit
Bioinformatics 29 (2013) pp. 845-54
-------- -------- --- Thank You --- -------- --------


++++ PLEASE READ AND CITE THE FOLLOWING REFERENCE ++++
B. Hess and C. Kutzner and D. van der Spoel and E. Lindahl
GROMACS 4: Algorithms for highly efficient, load-balanced, and scalable
molecular simulation
J. Chem. Theory Comput. 4 (2008) pp. 435-447
-------- -------- --- Thank You --- -------- --------


++++ PLEASE READ AND CITE THE FOLLOWING REFERENCE ++++
D. van der Spoel, E. Lindahl, B. Hess, G. Groenhof, A. E. Mark and H. J. C.
Berendsen
GROMACS: Fast, Flexible and Free
J. Comp. Chem. 26 (2005) pp. 1701-1719
-------- -------- --- Thank You --- -------- --------


++++ PLEASE READ AND CITE THE FOLLOWING REFERENCE ++++
E. Lindahl and B. Hess and D. van der Spoel
GROMACS 3.0: A package for molecular simulation and trajectory analysis
J. Mol. Mod. 7 (2001) pp. 306-317
-------- -------- --- Thank You --- -------- --------


++++ PLEASE READ AND CITE THE FOLLOWING REFERENCE ++++
H. J. C. Berendsen, D. van der Spoel and R. van Drunen
GROMACS: A message-passing parallel molecular dynamics implementation
Comp. Phys. Comm. 91 (1995) pp. 43-56
-------- -------- --- Thank You --- -------- --------


++++ PLEASE CITE THE DOI FOR THIS VERSION OF GROMACS ++++
https://doi.org/10.5281/zenodo.3685919
-------- -------- --- Thank You --- -------- --------

Input Parameters:
   integrator                     = md
   tinit                          = 0
   dt                             = 0.002
   nsteps                         = 500000
   init-step                      = 0
   simulation-part                = 1
   comm-mode                      = Linear
   nstcomm                        = 100
   bd-fric                        = 0
   ld-seed                        = -40787427
   emtol                          = 10
   emstep                         = 0.01
   niter                          = 20
   fcstep                         = 0
   nstcgsteep                     = 1000
   nbfgscorr                      = 10
   rtpi                           = 0.05
   nstxout                        = 0
   nstvout                        = 0
   nstfout                        = 0
   nstlog                         = 5000
   nstcalcenergy                  = 100
   nstenergy                      = 5000
   nstxout-compressed             = 5000
   compressed-x-precision         = 1000
   cutoff-scheme                  = Verlet
   nstlist                        = 10
   pbc                            = xyz
   periodic-molecules             = false
   verlet-buffer-tolerance        = 0.005
   rlist                          = 1
   coulombtype                    = PME
   coulomb-modifier               = Potential-shift
   rcoulomb-switch                = 0
   rcoulomb                       = 1
   epsilon-r                      = 1
   epsilon-rf                     = inf
   vdw-type                       = Cut-off
   vdw-modifier                   = Potential-shift
   rvdw-switch                    = 0
   rvdw                           = 1
   DispCorr                       = EnerPres
   table-extension                = 1
   fourierspacing                 = 0.16
   fourier-nx                     = 44
   fourier-ny                     = 44
   fourier-nz                     = 44
   pme-order                      = 4
   ewald-rtol                     = 1e-05
   ewald-rtol-lj                  = 0.001
   lj-pme-comb-rule               = Geometric
   ewald-geometry                 = 0
   epsilon-surface                = 0
   tcoupl                         = Nose-Hoover
   nsttcouple                     = 10
   nh-chain-length                = 1
   print-nose-hoover-chain-variables = false
   pcoupl                         = Parrinello-Rahman
   pcoupltype                     = Isotropic
   nstpcouple                     = 10
   tau-p                          = 1
   compressibility (3x3):
      compressibility[    0]={ 4.50000e-05,  0.00000e+00,  0.00000e+00}
      compressibility[    1]={ 0.00000e+00,  4.50000e-05,  0.00000e+00}
      compressibility[    2]={ 0.00000e+00,  0.00000e+00,  4.50000e-05}
   ref-p (3x3):
      ref-p[    0]={ 1.00000e+00,  0.00000e+00,  0.00000e+00}
      ref-p[    1]={ 0.00000e+00,  1.00000e+00,  0.00000e+00}
      ref-p[    2]={ 0.00000e+00,  0.00000e+00,  1.00000e+00}
   refcoord-scaling               = No
   posres-com (3):
      posres-com[0]= 0.00000e+00
      posres-com[1]= 0.00000e+00
      posres-com[2]= 0.00000e+00
   posres-comB (3):
      posres-comB[0]= 0.00000e+00
      posres-comB[1]= 0.00000e+00
      posres-comB[2]= 0.00000e+00
   QMMM                           = false
   QMconstraints                  = 0
   QMMMscheme                     = 0
   MMChargeScaleFactor            = 1
qm-opts:
   ngQM                           = 0
   constraint-algorithm           = Lincs
   continuation                   = false
   Shake-SOR                      = false
   shake-tol                      = 0.0001
   lincs-order                    = 4
   lincs-iter                     = 1
   lincs-warnangle                = 30
   nwall                          = 0
   wall-type                      = 9-3
   wall-r-linpot                  = -1
   wall-atomtype[0]               = -1
   wall-atomtype[1]               = -1
   wall-density[0]                = 0
   wall-density[1]                = 0
   wall-ewald-zfac                = 3
   pull                           = false
   awh                            = false
   rotation                       = false
   interactiveMD                  = false
   disre                          = No
   disre-weighting                = Conservative
   disre-mixed                    = false
   dr-fc                          = 1000
   dr-tau                         = 0
   nstdisreout                    = 100
   orire-fc                       = 0
   orire-tau                      = 0
   nstorireout                    = 100
   free-energy                    = no
   cos-acceleration               = 0
   deform (3x3):
      deform[    0]={ 0.00000e+00,  0.00000e+00,  0.00000e+00}
      deform[    1]={ 0.00000e+00,  0.00000e+00,  0.00000e+00}
      deform[    2]={ 0.00000e+00,  0.00000e+00,  0.00000e+00}
   simulated-tempering            = false
   swapcoords                     = no
   userint1                       = 0
   userint2                       = 0
   userint3                       = 0
   userint4                       = 0
   userreal1                      = 0
   userreal2                      = 0
   userreal3                      = 0
   userreal4                      = 0
   applied-forces:
     electric-field:
       x:
         E0                       = 0
         omega                    = 0
         t0                       = 0
         sigma                    = 0
       y:
         E0                       = 0
         omega                    = 0
         t0                       = 0
         sigma                    = 0
       z:
         E0                       = 0
         omega                    = 0
         t0                       = 0
         sigma                    = 0
     density-guided-simulation:
       active                     = false
       group                      = protein
       similarity-measure         = inner-product
       atom-spreading-weight      = unity
       force-constant             = 1e+09
       gaussian-transform-spreading-width = 0.2
       gaussian-transform-spreading-range-in-multiples-of-width = 4
       reference-density-filename = reference.mrc
       nst                        = 1
       normalize-densities        = true
       adaptive-force-scaling     = false
       adaptive-force-scaling-time-constant = 4
grpopts:
   nrdf:     7771.66     61305.3
   ref-t:         300         300
   tau-t:         0.5         0.5
annealing:          No          No
annealing-npoints:           0           0
   acc:	           0           0           0
   nfreeze:           N           N           N
   energygrp-flags[  0]: 0

Changing nstlist from 10 to 50, rlist from 1 to 1.104

Using 1 MPI thread
Using 16 OpenMP threads 

Pinning threads with an auto-selected logical core stride of 1
System total charge: 0.000
Will do PME sum in reciprocal space for electrostatic interactions.

++++ PLEASE READ AND CITE THE FOLLOWING REFERENCE ++++
U. Essmann, L. Perera, M. L. Berkowitz, T. Darden, H. Lee and L. G. Pedersen 
A smooth particle mesh Ewald method
J. Chem. Phys. 103 (1995) pp. 8577-8592
-------- -------- --- Thank You --- -------- --------

Using a Gaussian width (1/beta) of 0.320163 nm for Ewald
Potential shift: LJ r^-12: -1.000e+00 r^-6: -1.000e+00, Ewald -1.000e-05
Initialized non-bonded Coulomb Ewald tables, spacing: 9.33e-04 size: 1073

Generated table with 1052 data points for 1-4 COUL.
Tabscale = 500 points/nm
Generated table with 1052 data points for 1-4 LJ6.
Tabscale = 500 points/nm
Generated table with 1052 data points for 1-4 LJ12.
Tabscale = 500 points/nm

Using SIMD 4x4 nonbonded short-range kernels

Using a dual 4x4 pair-list setup updated with dynamic pruning:
  outer list: updated every 50 steps, buffer 0.104 nm, rlist 1.104 nm
  inner list: updated every 13 steps, buffer 0.003 nm, rlist 1.003 nm
At tolerance 0.005 kJ/mol/ps per atom, equivalent classical 1x1 list would be:
  outer list: updated every 50 steps, buffer 0.230 nm, rlist 1.230 nm
  inner list: updated every 13 steps, buffer 0.052 nm, rlist 1.052 nm

Using Lorentz-Berthelot Lennard-Jones combination rule

Long Range LJ corr.: <C6> 3.2056e-04

Removing pbc first time

Initializing LINear Constraint Solver

++++ PLEASE READ AND CITE THE FOLLOWING REFERENCE ++++
B. Hess and H. Bekker and H. J. C. Berendsen and J. G. E. M. Fraaije
LINCS: A Linear Constraint Solver for molecular simulations
J. Comp. Chem. 18 (1997) pp. 1463-1472
-------- -------- --- Thank You --- -------- --------

The number of constraints is 1612

++++ PLEASE READ AND CITE THE FOLLOWING REFERENCE ++++
S. Miyamoto and P. A. Kollman
SETTLE: An Analytical Version of the SHAKE and RATTLE Algorithms for Rigid
Water Models
J. Comp. Chem. 13 (1992) pp. 952-962
-------- -------- --- Thank You --- -------- --------

There are: 33749 Atoms

Constraining the starting coordinates (step 0)

Constraining the coordinates at t0-dt (step 0)
Center of mass motion removal mode is Linear
We have the following groups for center of mass motion removal:
  0:  rest
RMS relative constraint deviation after constraining: 2.96e-06
Initial temperature: 299.615 K

Started mdrun on rank 0 Fri Nov 27 11:28:51 2020

           Step           Time
              0        0.00000

   Energies (kJ/mol)
           Bond          Angle    Proper Dih.  Improper Dih.          LJ-14
    4.03084e+02    1.66319e+03    7.41557e+03    1.30515e+02    2.83526e+03
     Coulomb-14        LJ (SR)  Disper. corr.   Coulomb (SR)   Coul. recip.
    3.56922e+04    5.93812e+04   -4.45345e+03   -6.05783e+05    6.20410e+03
      Potential    Kinetic En.   Total Energy  Conserved En.    Temperature
   -4.96511e+05    8.61340e+04   -4.10377e+05   -4.10357e+05    2.99942e+02
 Pres. DC (bar) Pressure (bar)   Constr. rmsd
   -2.15863e+02   -2.67852e+03    2.98899e-06

           Step           Time
           5000       10.00000

   Energies (kJ/mol)
           Bond          Angle    Proper Dih.  Improper Dih.          LJ-14
    2.43659e+03    6.20658e+03    7.74994e+03    3.49319e+02    2.81279e+03
     Coulomb-14        LJ (SR)  Disper. corr.   Coulomb (SR)   Coul. recip.
    3.48648e+04    5.85205e+04   -4.52522e+03   -5.66080e+05    3.30503e+03
      Potential    Kinetic En.   Total Energy  Conserved En.    Temperature
   -4.54360e+05    8.62761e+04   -3.68084e+05   -4.04483e+05    3.00437e+02
 Pres. DC (bar) Pressure (bar)   Constr. rmsd
   -2.22868e+02   -1.14775e+02    2.97559e-06

           Step           Time
          10000       20.00000

   Energies (kJ/mol)
           Bond          Angle    Proper Dih.  Improper Dih.          LJ-14
    2.35904e+03    6.25849e+03    7.72793e+03    3.73786e+02    2.88182e+03
     Coulomb-14        LJ (SR)  Disper. corr.   Coulomb (SR)   Coul. recip.
    3.50859e+04    5.88904e+04   -4.53283e+03   -5.66885e+05    3.26688e+03
      Potential    Kinetic En.   Total Energy  Conserved En.    Temperature
   -4.54573e+05    8.69964e+04   -3.67577e+05   -4.04281e+05    3.02945e+02
 Pres. DC (bar) Pressure (bar)   Constr. rmsd
   -2.23617e+02    7.45752e+01    3.10595e-06

           Step           Time
          15000       30.00000

   Energies (kJ/mol)
           Bond          Angle    Proper Dih.  Improper Dih.          LJ-14
    2.35987e+03    6.45854e+03    7.79034e+03    3.30561e+02    2.84413e+03
     Coulomb-14        LJ (SR)  Disper. corr.   Coulomb (SR)   Coul. recip.
    3.50144e+04    6.06152e+04   -4.51766e+03   -5.69123e+05    3.23391e+03
      Potential    Kinetic En.   Total Energy  Conserved En.    Temperature
   -4.54994e+05    8.64436e+04   -3.68550e+05   -4.04001e+05    3.01020e+02
 Pres. DC (bar) Pressure (bar)   Constr. rmsd
   -2.22126e+02    1.42529e+02    3.00553e-06

           Step           Time
          20000       40.00000

   Energies (kJ/mol)
           Bond          Angle    Proper Dih.  Improper Dih.          LJ-14
    2.39539e+03    6.49524e+03    7.63718e+03    3.08053e+02    2.84719e+03
     Coulomb-14        LJ (SR)  Disper. corr.   Coulomb (SR)   Coul. recip.
    3.50606e+04    5.95083e+04   -4.51687e+03   -5.67241e+05    3.30155e+03
      Potential    Kinetic En.   Total Energy  Conserved En.    Temperature
   -4.54204e+05    8.62557e+04   -3.67948e+05   -4.03980e+05    3.00366e+02
 Pres. DC (bar) Pressure (bar)   Constr. rmsd
   -2.22047e+02   -5.14697e+01    3.01967e-06

           Step           Time
          25000       50.00000

   Energies (kJ/mol)
           Bond          Angle    Proper Dih.  Improper Dih.          LJ-14
    2.30934e+03    6.28204e+03    7.62831e+03    3.56413e+02    2.85195e+03
     Coulomb-14        LJ (SR)  Disper. corr.   Coulomb (SR)   Coul. recip.
    3.50610e+04    5.99826e+04   -4.54133e+03   -5.69685e+05    3.23346e+03
      Potential    Kinetic En.   Total Energy  Conserved En.    Temperature
   -4.56521e+05    8.59918e+04   -3.70529e+05   -4.03664e+05    2.99447e+02
 Pres. DC (bar) Pressure (bar)   Constr. rmsd
   -2.24456e+02    4.18097e+00    2.95966e-06

           Step           Time
          30000       60.00000

   Energies (kJ/mol)
           Bond          Angle    Proper Dih.  Improper Dih.          LJ-14
    2.20788e+03    6.51340e+03    7.62377e+03    3.71079e+02    2.86744e+03
     Coulomb-14        LJ (SR)  Disper. corr.   Coulomb (SR)   Coul. recip.
    3.47893e+04    5.92810e+04   -4.51910e+03   -5.66216e+05    3.41735e+03
      Potential    Kinetic En.   Total Energy  Conserved En.    Temperature
   -4.53664e+05    8.61558e+04   -3.67508e+05   -4.03574e+05    3.00018e+02
 Pres. DC (bar) Pressure (bar)   Constr. rmsd
   -2.22267e+02    2.58082e+01    3.24250e-06

           Step           Time
          35000       70.00000

   Energies (kJ/mol)
           Bond          Angle    Proper Dih.  Improper Dih.          LJ-14
    2.33481e+03    6.56126e+03    7.81882e+03    3.43395e+02    2.90537e+03
     Coulomb-14        LJ (SR)  Disper. corr.   Coulomb (SR)   Coul. recip.
    3.48901e+04    5.86867e+04   -4.52831e+03   -5.66654e+05    3.24774e+03
      Potential    Kinetic En.   Total Energy  Conserved En.    Temperature
   -4.54394e+05    8.62825e+04   -3.68112e+05   -4.03565e+05    3.00459e+02
 Pres. DC (bar) Pressure (bar)   Constr. rmsd
   -2.23173e+02   -2.38949e+02    3.23083e-06

           Step           Time
          40000       80.00000

   Energies (kJ/mol)
           Bond          Angle    Proper Dih.  Improper Dih.          LJ-14
    2.26172e+03    6.64999e+03    7.65184e+03    3.55635e+02    2.82911e+03
     Coulomb-14        LJ (SR)  Disper. corr.   Coulomb (SR)   Coul. recip.
    3.47442e+04    5.88450e+04   -4.53123e+03   -5.65887e+05    3.37938e+03
      Potential    Kinetic En.   Total Energy  Conserved En.    Temperature
   -4.53701e+05    8.63220e+04   -3.67379e+05   -4.03373e+05    3.00597e+02
 Pres. DC (bar) Pressure (bar)   Constr. rmsd
   -2.23460e+02   -6.04831e+01    3.11447e-06

           Step           Time
          45000       90.00000

   Energies (kJ/mol)
           Bond          Angle    Proper Dih.  Improper Dih.          LJ-14
    2.28171e+03    6.41794e+03    7.60731e+03    3.60271e+02    2.84186e+03
     Coulomb-14        LJ (SR)  Disper. corr.   Coulomb (SR)   Coul. recip.
    3.49393e+04    5.97959e+04   -4.52372e+03   -5.67107e+05    3.29679e+03
      Potential    Kinetic En.   Total Energy  Conserved En.    Temperature
   -4.54090e+05    8.60949e+04   -3.67995e+05   -4.03162e+05    2.99806e+02
 Pres. DC (bar) Pressure (bar)   Constr. rmsd
   -2.22721e+02    1.12524e+02    2.88889e-06

           Step           Time
          50000      100.00000

   Energies (kJ/mol)
           Bond          Angle    Proper Dih.  Improper Dih.          LJ-14
    2.41180e+03    6.51762e+03    7.68949e+03    3.51256e+02    2.80223e+03
     Coulomb-14        LJ (SR)  Disper. corr.   Coulomb (SR)   Coul. recip.
    3.48463e+04    5.91037e+04   -4.53574e+03   -5.66981e+05    3.30590e+03
      Potential    Kinetic En.   Total Energy  Conserved En.    Temperature
   -4.54488e+05    8.65219e+04   -3.67966e+05   -4.02926e+05    3.01293e+02
 Pres. DC (bar) Pressure (bar)   Constr. rmsd
   -2.23904e+02   -8.31627e+01    2.94130e-06

           Step           Time
          55000      110.00000

   Energies (kJ/mol)
           Bond          Angle    Proper Dih.  Improper Dih.          LJ-14
    2.23558e+03    6.35672e+03    7.62521e+03    3.48165e+02    2.82537e+03
     Coulomb-14        LJ (SR)  Disper. corr.   Coulomb (SR)   Coul. recip.
    3.49440e+04    6.00446e+04   -4.51163e+03   -5.68337e+05    3.28905e+03
      Potential    Kinetic En.   Total Energy  Conserved En.    Temperature
   -4.55180e+05    8.61196e+04   -3.69061e+05   -4.02947e+05    2.99892e+02
 Pres. DC (bar) Pressure (bar)   Constr. rmsd
   -2.21533e+02   -7.21907e+00    3.32771e-06

           Step           Time
          60000      120.00000

   Energies (kJ/mol)
           Bond          Angle    Proper Dih.  Improper Dih.          LJ-14
    2.35025e+03    6.27737e+03    7.61658e+03    3.39814e+02    2.84566e+03
     Coulomb-14        LJ (SR)  Disper. corr.   Coulomb (SR)   Coul. recip.
    3.52362e+04    5.93495e+04   -4.55162e+03   -5.67020e+05    3.29820e+03
      Potential    Kinetic En.   Total Energy  Conserved En.    Temperature
   -4.54258e+05    8.62167e+04   -3.68041e+05   -4.02768e+05    3.00230e+02
 Pres. DC (bar) Pressure (bar)   Constr. rmsd
   -2.25473e+02    1.12460e+02    3.09291e-06

           Step           Time
          65000      130.00000

   Energies (kJ/mol)
           Bond          Angle    Proper Dih.  Improper Dih.          LJ-14
    2.38688e+03    6.46535e+03    7.62903e+03    3.99837e+02    2.83912e+03
     Coulomb-14        LJ (SR)  Disper. corr.   Coulomb (SR)   Coul. recip.
    3.48375e+04    5.88884e+04   -4.51485e+03   -5.66292e+05    3.19037e+03
      Potential    Kinetic En.   Total Energy  Conserved En.    Temperature
   -4.54170e+05    8.61515e+04   -3.68019e+05   -4.02767e+05    3.00003e+02
 Pres. DC (bar) Pressure (bar)   Constr. rmsd
   -2.21849e+02   -1.29693e+02    2.97550e-06

           Step           Time
          70000      140.00000

   Energies (kJ/mol)
           Bond          Angle    Proper Dih.  Improper Dih.          LJ-14
    2.23721e+03    6.53605e+03    7.65804e+03    2.98431e+02    2.79385e+03
     Coulomb-14        LJ (SR)  Disper. corr.   Coulomb (SR)   Coul. recip.
    3.47969e+04    6.01380e+04   -4.51258e+03   -5.66828e+05    3.25568e+03
      Potential    Kinetic En.   Total Energy  Conserved En.    Temperature
   -4.53626e+05    8.54410e+04   -3.68185e+05   -4.02665e+05    2.97529e+02
 Pres. DC (bar) Pressure (bar)   Constr. rmsd
   -2.21626e+02    1.00873e+02    2.84518e-06

           Step           Time
          75000      150.00000

   Energies (kJ/mol)
           Bond          Angle    Proper Dih.  Improper Dih.          LJ-14
    2.39916e+03    6.67888e+03    7.68547e+03    3.62107e+02    2.81660e+03
     Coulomb-14        LJ (SR)  Disper. corr.   Coulomb (SR)   Coul. recip.
    3.49486e+04    5.91523e+04   -4.50435e+03   -5.68081e+05    3.25054e+03
      Potential    Kinetic En.   Total Energy  Conserved En.    Temperature
   -4.55292e+05    8.63198e+04   -3.68972e+05   -4.02388e+05    3.00589e+02
 Pres. DC (bar) Pressure (bar)   Constr. rmsd
   -2.20820e+02   -1.37342e+02    3.26996e-06

           Step           Time
          80000      160.00000

   Energies (kJ/mol)
           Bond          Angle    Proper Dih.  Improper Dih.          LJ-14
    2.31232e+03    6.52554e+03    7.65665e+03    3.95361e+02    2.82408e+03
     Coulomb-14        LJ (SR)  Disper. corr.   Coulomb (SR)   Coul. recip.
    3.48866e+04    5.77926e+04   -4.48633e+03   -5.64660e+05    3.27904e+03
      Potential    Kinetic En.   Total Energy  Conserved En.    Temperature
   -4.53475e+05    8.59271e+04   -3.67548e+05   -4.02156e+05    2.99221e+02
 Pres. DC (bar) Pressure (bar)   Constr. rmsd
   -2.19059e+02   -5.18473e+02    3.05731e-06

           Step           Time
          85000      170.00000

   Energies (kJ/mol)
           Bond          Angle    Proper Dih.  Improper Dih.          LJ-14
    2.28388e+03    6.53255e+03    7.66737e+03    3.42690e+02    2.77402e+03
     Coulomb-14        LJ (SR)  Disper. corr.   Coulomb (SR)   Coul. recip.
    3.49087e+04    6.04151e+04   -4.51088e+03   -5.68537e+05    3.22146e+03
      Potential    Kinetic En.   Total Energy  Conserved En.    Temperature
   -4.54902e+05    8.58424e+04   -3.69059e+05   -4.02184e+05    2.98926e+02
 Pres. DC (bar) Pressure (bar)   Constr. rmsd
   -2.21460e+02    1.30021e+02    3.02904e-06

           Step           Time
          90000      180.00000

   Energies (kJ/mol)
           Bond          Angle    Proper Dih.  Improper Dih.          LJ-14
    2.28772e+03    6.30125e+03    7.55843e+03    3.63436e+02    2.83660e+03
     Coulomb-14        LJ (SR)  Disper. corr.   Coulomb (SR)   Coul. recip.
    3.51356e+04    5.87165e+04   -4.51193e+03   -5.66460e+05    3.24843e+03
      Potential    Kinetic En.   Total Energy  Conserved En.    Temperature
   -4.54524e+05    8.67678e+04   -3.67756e+05   -4.02003e+05    3.02149e+02
 Pres. DC (bar) Pressure (bar)   Constr. rmsd
   -2.21563e+02   -2.63645e+02    3.02669e-06

           Step           Time
          95000      190.00000

   Energies (kJ/mol)
           Bond          Angle    Proper Dih.  Improper Dih.          LJ-14
    2.29422e+03    6.56000e+03    7.72262e+03    3.76431e+02    2.87128e+03
     Coulomb-14        LJ (SR)  Disper. corr.   Coulomb (SR)   Coul. recip.
    3.48778e+04    6.06494e+04   -4.52081e+03   -5.68798e+05    3.35689e+03
      Potential    Kinetic En.   Total Energy  Conserved En.    Temperature
   -4.54611e+05    8.67168e+04   -3.67894e+05   -4.01793e+05    3.01971e+02
 Pres. DC (bar) Pressure (bar)   Constr. rmsd
   -2.22435e+02    1.49553e+02    2.89952e-06

           Step           Time
         100000      200.00000

   Energies (kJ/mol)
           Bond          Angle    Proper Dih.  Improper Dih.          LJ-14
    2.23468e+03    6.54639e+03    7.61579e+03    3.51606e+02    2.87104e+03
     Coulomb-14        LJ (SR)  Disper. corr.   Coulomb (SR)   Coul. recip.
    3.48557e+04    5.83062e+04   -4.50735e+03   -5.64652e+05    3.37274e+03
      Potential    Kinetic En.   Total Energy  Conserved En.    Temperature
   -4.53005e+05    8.59496e+04   -3.67055e+05   -4.01891e+05    2.99300e+02
 Pres. DC (bar) Pressure (bar)   Constr. rmsd
   -2.21114e+02   -1.56666e+02    2.85834e-06

           Step           Time
         105000      210.00000

   Energies (kJ/mol)
           Bond          Angle    Proper Dih.  Improper Dih.          LJ-14
    2.38639e+03    6.28607e+03    7.68703e+03    3.38440e+02    2.80256e+03
     Coulomb-14        LJ (SR)  Disper. corr.   Coulomb (SR)   Coul. recip.
    3.48943e+04    5.93068e+04   -4.52022e+03   -5.65836e+05    3.34515e+03
      Potential    Kinetic En.   Total Energy  Conserved En.    Temperature
   -4.53310e+05    8.60531e+04   -3.67257e+05   -4.01711e+05    2.99660e+02
 Pres. DC (bar) Pressure (bar)   Constr. rmsd
   -2.22377e+02   -1.04594e+02    2.82471e-06

           Step           Time
         110000      220.00000

   Energies (kJ/mol)
           Bond          Angle    Proper Dih.  Improper Dih.          LJ-14
    2.39739e+03    6.40188e+03    7.58058e+03    3.39119e+02    2.83692e+03
     Coulomb-14        LJ (SR)  Disper. corr.   Coulomb (SR)   Coul. recip.
    3.50335e+04    5.83588e+04   -4.53995e+03   -5.64481e+05    3.26061e+03
      Potential    Kinetic En.   Total Energy  Conserved En.    Temperature
   -4.52812e+05    8.73806e+04   -3.65432e+05   -4.01425e+05    3.04283e+02
 Pres. DC (bar) Pressure (bar)   Constr. rmsd
   -2.24319e+02    8.64206e+01    3.27718e-06

           Step           Time
         115000      230.00000

   Energies (kJ/mol)
           Bond          Angle    Proper Dih.  Improper Dih.          LJ-14
    2.36812e+03    6.23741e+03    7.65440e+03    3.27303e+02    2.82556e+03
     Coulomb-14        LJ (SR)  Disper. corr.   Coulomb (SR)   Coul. recip.
    3.49132e+04    6.06819e+04   -4.52595e+03   -5.69154e+05    3.30208e+03
      Potential    Kinetic En.   Total Energy  Conserved En.    Temperature
   -4.55370e+05    8.54280e+04   -3.69941e+05   -4.01317e+05    2.97483e+02
 Pres. DC (bar) Pressure (bar)   Constr. rmsd
   -2.22940e+02    1.64842e+02    2.88507e-06

           Step           Time
         120000      240.00000

   Energies (kJ/mol)
           Bond          Angle    Proper Dih.  Improper Dih.          LJ-14
    2.45358e+03    6.34826e+03    7.67467e+03    3.66239e+02    2.84805e+03
     Coulomb-14        LJ (SR)  Disper. corr.   Coulomb (SR)   Coul. recip.
    3.49729e+04    5.88307e+04   -4.52511e+03   -5.65513e+05    3.38554e+03
      Potential    Kinetic En.   Total Energy  Conserved En.    Temperature
   -4.53158e+05    8.53056e+04   -3.67852e+05   -4.01121e+05    2.97057e+02
 Pres. DC (bar) Pressure (bar)   Constr. rmsd
   -2.22858e+02   -1.08993e+02    3.17855e-06

           Step           Time
         125000      250.00000

   Energies (kJ/mol)
           Bond          Angle    Proper Dih.  Improper Dih.          LJ-14
    2.43149e+03    6.86412e+03    7.62361e+03    3.74889e+02    2.90116e+03
     Coulomb-14        LJ (SR)  Disper. corr.   Coulomb (SR)   Coul. recip.
    3.47818e+04    6.10946e+04   -4.50784e+03   -5.69173e+05    3.32029e+03
      Potential    Kinetic En.   Total Energy  Conserved En.    Temperature
   -4.54289e+05    8.54892e+04   -3.68800e+05   -4.01119e+05    2.97697e+02
 Pres. DC (bar) Pressure (bar)   Constr. rmsd
   -2.21161e+02    1.71493e+02    2.90496e-06

           Step           Time
         130000      260.00000

   Energies (kJ/mol)
           Bond          Angle    Proper Dih.  Improper Dih.          LJ-14
    2.28775e+03    6.49631e+03    7.68675e+03    3.49545e+02    2.79885e+03
     Coulomb-14        LJ (SR)  Disper. corr.   Coulomb (SR)   Coul. recip.
    3.49765e+04    5.97997e+04   -4.52091e+03   -5.67943e+05    3.24855e+03
      Potential    Kinetic En.   Total Energy  Conserved En.    Temperature
   -4.54820e+05    8.60965e+04   -3.68723e+05   -4.00813e+05    2.99811e+02
 Pres. DC (bar) Pressure (bar)   Constr. rmsd
   -2.22444e+02    1.21746e+02    3.01870e-06

           Step           Time
         135000      270.00000

   Energies (kJ/mol)
           Bond          Angle    Proper Dih.  Improper Dih.          LJ-14
    2.29626e+03    6.52816e+03    7.70623e+03    3.87943e+02    2.83278e+03
     Coulomb-14        LJ (SR)  Disper. corr.   Coulomb (SR)   Coul. recip.
    3.47286e+04    6.01912e+04   -4.52343e+03   -5.67882e+05    3.30131e+03
      Potential    Kinetic En.   Total Energy  Conserved En.    Temperature
   -4.54432e+05    8.67931e+04   -3.67639e+05   -4.00729e+05    3.02237e+02
 Pres. DC (bar) Pressure (bar)   Constr. rmsd
   -2.22692e+02    1.24665e+02    3.62560e-06

           Step           Time
         140000      280.00000

   Energies (kJ/mol)
           Bond          Angle    Proper Dih.  Improper Dih.          LJ-14
    2.38862e+03    6.36290e+03    7.72340e+03    3.71058e+02    2.87488e+03
     Coulomb-14        LJ (SR)  Disper. corr.   Coulomb (SR)   Coul. recip.
    3.50590e+04    5.83335e+04   -4.51409e+03   -5.65934e+05    3.33345e+03
      Potential    Kinetic En.   Total Energy  Conserved En.    Temperature
   -4.54001e+05    8.54148e+04   -3.68586e+05   -4.00431e+05    2.97437e+02
 Pres. DC (bar) Pressure (bar)   Constr. rmsd
   -2.21775e+02   -1.95628e+02    3.23699e-06

           Step           Time
         145000      290.00000

   Energies (kJ/mol)
           Bond          Angle    Proper Dih.  Improper Dih.          LJ-14
    2.35177e+03    6.31466e+03    7.74304e+03    3.54338e+02    2.80170e+03
     Coulomb-14        LJ (SR)  Disper. corr.   Coulomb (SR)   Coul. recip.
    3.49819e+04    6.04387e+04   -4.52398e+03   -5.67745e+05    3.17653e+03
      Potential    Kinetic En.   Total Energy  Conserved En.    Temperature
   -4.54106e+05    8.62674e+04   -3.67839e+05   -4.00477e+05    3.00406e+02
 Pres. DC (bar) Pressure (bar)   Constr. rmsd
   -2.22747e+02    1.85746e+02    3.01441e-06

           Step           Time
         150000      300.00000

   Energies (kJ/mol)
           Bond          Angle    Proper Dih.  Improper Dih.          LJ-14
    2.37514e+03    6.32310e+03    7.70546e+03    3.48894e+02    2.77257e+03
     Coulomb-14        LJ (SR)  Disper. corr.   Coulomb (SR)   Coul. recip.
    3.47822e+04    5.91199e+04   -4.51368e+03   -5.67372e+05    3.27874e+03
      Potential    Kinetic En.   Total Energy  Conserved En.    Temperature
   -4.55180e+05    8.61993e+04   -3.68980e+05   -4.00365e+05    3.00169e+02
 Pres. DC (bar) Pressure (bar)   Constr. rmsd
   -2.21734e+02   -3.08145e+02    3.01311e-06

           Step           Time
         155000      310.00000

   Energies (kJ/mol)
           Bond          Angle    Proper Dih.  Improper Dih.          LJ-14
    2.23905e+03    6.55310e+03    7.51944e+03    3.28238e+02    2.85872e+03
     Coulomb-14        LJ (SR)  Disper. corr.   Coulomb (SR)   Coul. recip.
    3.48339e+04    6.02651e+04   -4.50739e+03   -5.67779e+05    3.38160e+03
      Potential    Kinetic En.   Total Energy  Conserved En.    Temperature
   -4.54308e+05    8.51776e+04   -3.69130e+05   -4.00228e+05    2.96611e+02
 Pres. DC (bar) Pressure (bar)   Constr. rmsd
   -2.21118e+02    4.64714e+01    3.00187e-06

           Step           Time
         160000      320.00000

   Energies (kJ/mol)
           Bond          Angle    Proper Dih.  Improper Dih.          LJ-14
    2.55754e+03    6.46500e+03    7.68005e+03    3.65041e+02    2.88759e+03
     Coulomb-14        LJ (SR)  Disper. corr.   Coulomb (SR)   Coul. recip.
    3.49818e+04    5.80800e+04   -4.50582e+03   -5.65602e+05    3.34797e+03
      Potential    Kinetic En.   Total Energy  Conserved En.    Temperature
   -4.53743e+05    8.66184e+04   -3.67125e+05   -3.99871e+05    3.01629e+02
 Pres. DC (bar) Pressure (bar)   Constr. rmsd
   -2.20964e+02   -3.41314e+02    3.33926e-06

           Step           Time
         165000      330.00000

   Energies (kJ/mol)
           Bond          Angle    Proper Dih.  Improper Dih.          LJ-14
    2.44835e+03    6.44458e+03    7.62566e+03    3.32887e+02    2.89831e+03
     Coulomb-14        LJ (SR)  Disper. corr.   Coulomb (SR)   Coul. recip.
    3.47592e+04    5.96524e+04   -4.52967e+03   -5.68008e+05    3.30484e+03
      Potential    Kinetic En.   Total Energy  Conserved En.    Temperature
   -4.55072e+05    8.61646e+04   -3.68907e+05   -3.99959e+05    3.00048e+02
 Pres. DC (bar) Pressure (bar)   Constr. rmsd
   -2.23307e+02    1.15571e+02    3.25316e-06

           Step           Time
         170000      340.00000

   Energies (kJ/mol)
           Bond          Angle    Proper Dih.  Improper Dih.          LJ-14
    2.31364e+03    6.67208e+03    7.53597e+03    2.99986e+02    2.87773e+03
     Coulomb-14        LJ (SR)  Disper. corr.   Coulomb (SR)   Coul. recip.
    3.48565e+04    5.94637e+04   -4.54966e+03   -5.66984e+05    3.24823e+03
      Potential    Kinetic En.   Total Energy  Conserved En.    Temperature
   -4.54265e+05    8.61622e+04   -3.68103e+05   -3.99750e+05    3.00040e+02
 Pres. DC (bar) Pressure (bar)   Constr. rmsd
   -2.25279e+02    2.44460e+02    3.28783e-06

           Step           Time
         175000      350.00000

   Energies (kJ/mol)
           Bond          Angle    Proper Dih.  Improper Dih.          LJ-14
    2.15950e+03    6.31508e+03    7.65505e+03    3.48422e+02    2.85652e+03
     Coulomb-14        LJ (SR)  Disper. corr.   Coulomb (SR)   Coul. recip.
    3.48679e+04    5.88469e+04   -4.52835e+03   -5.67615e+05    3.30104e+03
      Potential    Kinetic En.   Total Energy  Conserved En.    Temperature
   -4.55793e+05    8.63298e+04   -3.69463e+05   -3.99696e+05    3.00624e+02
 Pres. DC (bar) Pressure (bar)   Constr. rmsd
   -2.23177e+02   -3.87358e+01    3.34466e-06

           Step           Time
         180000      360.00000

   Energies (kJ/mol)
           Bond          Angle    Proper Dih.  Improper Dih.          LJ-14
    2.21814e+03    6.01648e+03    7.66272e+03    3.60093e+02    2.92981e+03
     Coulomb-14        LJ (SR)  Disper. corr.   Coulomb (SR)   Coul. recip.
    3.51208e+04    5.89329e+04   -4.52513e+03   -5.65980e+05    3.25656e+03
      Potential    Kinetic En.   Total Energy  Conserved En.    Temperature
   -4.54008e+05    8.58611e+04   -3.68147e+05   -3.99486e+05    2.98992e+02
 Pres. DC (bar) Pressure (bar)   Constr. rmsd
   -2.22860e+02    8.85376e+01    3.05573e-06

           Step           Time
         185000      370.00000

   Energies (kJ/mol)
           Bond          Angle    Proper Dih.  Improper Dih.          LJ-14
    2.48415e+03    6.39420e+03    7.67965e+03    3.37342e+02    2.87909e+03
     Coulomb-14        LJ (SR)  Disper. corr.   Coulomb (SR)   Coul. recip.
    3.50225e+04    5.93766e+04   -4.53357e+03   -5.66901e+05    3.33219e+03
      Potential    Kinetic En.   Total Energy  Conserved En.    Temperature
   -4.53929e+05    8.71732e+04   -3.66756e+05   -3.99311e+05    3.03561e+02
 Pres. DC (bar) Pressure (bar)   Constr. rmsd
   -2.23691e+02   -9.39832e+01    3.29982e-06

           Step           Time
         190000      380.00000

   Energies (kJ/mol)
           Bond          Angle    Proper Dih.  Improper Dih.          LJ-14
    2.31633e+03    6.51572e+03    7.75237e+03    3.36454e+02    2.91175e+03
     Coulomb-14        LJ (SR)  Disper. corr.   Coulomb (SR)   Coul. recip.
    3.49841e+04    5.93586e+04   -4.54383e+03   -5.67487e+05    3.18847e+03
      Potential    Kinetic En.   Total Energy  Conserved En.    Temperature
   -4.54667e+05    8.59344e+04   -3.68733e+05   -3.99119e+05    2.99247e+02
 Pres. DC (bar) Pressure (bar)   Constr. rmsd
   -2.24703e+02    1.22970e+02    2.99638e-06

           Step           Time
         195000      390.00000

   Energies (kJ/mol)
           Bond          Angle    Proper Dih.  Improper Dih.          LJ-14
    2.38892e+03    6.34513e+03    7.65360e+03    3.94674e+02    2.75609e+03
     Coulomb-14        LJ (SR)  Disper. corr.   Coulomb (SR)   Coul. recip.
    3.49326e+04    5.89955e+04   -4.53657e+03   -5.67615e+05    3.34968e+03
      Potential    Kinetic En.   Total Energy  Conserved En.    Temperature
   -4.55335e+05    8.48826e+04   -3.70453e+05   -3.99049e+05    2.95584e+02
 Pres. DC (bar) Pressure (bar)   Constr. rmsd
   -2.23986e+02   -1.75401e+02    3.26981e-06

           Step           Time
         200000      400.00000

   Energies (kJ/mol)
           Bond          Angle    Proper Dih.  Improper Dih.          LJ-14
    2.37386e+03    6.34112e+03    7.65411e+03    3.73947e+02    2.75712e+03
     Coulomb-14        LJ (SR)  Disper. corr.   Coulomb (SR)   Coul. recip.
    3.48360e+04    5.87739e+04   -4.50208e+03   -5.64361e+05    3.27217e+03
      Potential    Kinetic En.   Total Energy  Conserved En.    Temperature
   -4.52481e+05    8.68533e+04   -3.65628e+05   -3.98890e+05    3.02447e+02
 Pres. DC (bar) Pressure (bar)   Constr. rmsd
   -2.20598e+02   -6.17701e+01    2.91291e-06

Writing checkpoint, step 200150 at Fri Nov 27 11:43:51 2020


           Step           Time
         205000      410.00000

   Energies (kJ/mol)
           Bond          Angle    Proper Dih.  Improper Dih.          LJ-14
    2.21610e+03    6.49522e+03    7.63784e+03    3.19428e+02    2.80836e+03
     Coulomb-14        LJ (SR)  Disper. corr.   Coulomb (SR)   Coul. recip.
    3.49488e+04    5.86625e+04   -4.51814e+03   -5.65395e+05    3.29046e+03
      Potential    Kinetic En.   Total Energy  Conserved En.    Temperature
   -4.53534e+05    8.54631e+04   -3.68071e+05   -3.98781e+05    2.97606e+02
 Pres. DC (bar) Pressure (bar)   Constr. rmsd
   -2.22173e+02    4.24727e+01    3.06765e-06

           Step           Time
         210000      420.00000

   Energies (kJ/mol)
           Bond          Angle    Proper Dih.  Improper Dih.          LJ-14
    2.38031e+03    6.30051e+03    7.66799e+03    3.84744e+02    2.89237e+03
     Coulomb-14        LJ (SR)  Disper. corr.   Coulomb (SR)   Coul. recip.
    3.46595e+04    6.00581e+04   -4.53823e+03   -5.67399e+05    3.25974e+03
      Potential    Kinetic En.   Total Energy  Conserved En.    Temperature
   -4.54334e+05    8.71165e+04   -3.67218e+05   -3.98578e+05    3.03363e+02
 Pres. DC (bar) Pressure (bar)   Constr. rmsd
   -2.24150e+02    2.55161e+02    2.89238e-06

           Step           Time
         215000      430.00000

   Energies (kJ/mol)
           Bond          Angle    Proper Dih.  Improper Dih.          LJ-14
    2.40477e+03    6.59817e+03    7.66755e+03    3.92317e+02    2.77872e+03
     Coulomb-14        LJ (SR)  Disper. corr.   Coulomb (SR)   Coul. recip.
    3.46245e+04    5.88102e+04   -4.50810e+03   -5.65984e+05    3.37879e+03
      Potential    Kinetic En.   Total Energy  Conserved En.    Temperature
   -4.53837e+05    8.63901e+04   -3.67447e+05   -3.98347e+05    3.00834e+02
 Pres. DC (bar) Pressure (bar)   Constr. rmsd
   -2.21188e+02   -1.03667e+02    3.17752e-06

           Step           Time
         220000      440.00000

   Energies (kJ/mol)
           Bond          Angle    Proper Dih.  Improper Dih.          LJ-14
    2.31525e+03    6.07165e+03    7.53260e+03    3.63796e+02    2.84090e+03
     Coulomb-14        LJ (SR)  Disper. corr.   Coulomb (SR)   Coul. recip.
    3.48360e+04    5.89948e+04   -4.52811e+03   -5.66076e+05    3.19016e+03
      Potential    Kinetic En.   Total Energy  Conserved En.    Temperature
   -4.54459e+05    8.52240e+04   -3.69235e+05   -3.98325e+05    2.96773e+02
 Pres. DC (bar) Pressure (bar)   Constr. rmsd
   -2.23153e+02    4.82589e+01    2.81690e-06

           Step           Time
         225000      450.00000

   Energies (kJ/mol)
           Bond          Angle    Proper Dih.  Improper Dih.          LJ-14
    2.25696e+03    6.39519e+03    7.72312e+03    3.30064e+02    2.86417e+03
     Coulomb-14        LJ (SR)  Disper. corr.   Coulomb (SR)   Coul. recip.
    3.50237e+04    6.02880e+04   -4.53607e+03   -5.69353e+05    3.28819e+03
      Potential    Kinetic En.   Total Energy  Conserved En.    Temperature
   -4.55720e+05    8.65144e+04   -3.69205e+05   -3.98115e+05    3.01266e+02
 Pres. DC (bar) Pressure (bar)   Constr. rmsd
   -2.23937e+02    1.97654e+02    3.09908e-06

           Step           Time
         230000      460.00000

   Energies (kJ/mol)
           Bond          Angle    Proper Dih.  Improper Dih.          LJ-14
    2.35675e+03    6.35470e+03    7.69008e+03    3.29694e+02    2.89939e+03
     Coulomb-14        LJ (SR)  Disper. corr.   Coulomb (SR)   Coul. recip.
    3.50841e+04    5.85431e+04   -4.50654e+03   -5.66141e+05    3.30519e+03
      Potential    Kinetic En.   Total Energy  Conserved En.    Temperature
   -4.54085e+05    8.63660e+04   -3.67719e+05   -3.98142e+05    3.00750e+02
 Pres. DC (bar) Pressure (bar)   Constr. rmsd
   -2.21034e+02   -2.39819e+02    3.07836e-06

           Step           Time
         235000      470.00000

   Energies (kJ/mol)
           Bond          Angle    Proper Dih.  Improper Dih.          LJ-14
    2.34946e+03    6.45400e+03    7.59852e+03    3.23055e+02    2.83953e+03
     Coulomb-14        LJ (SR)  Disper. corr.   Coulomb (SR)   Coul. recip.
    3.48235e+04    5.95979e+04   -4.50543e+03   -5.66073e+05    3.36457e+03
      Potential    Kinetic En.   Total Energy  Conserved En.    Temperature
   -4.53228e+05    8.68902e+04   -3.66338e+05   -3.97783e+05    3.02575e+02
 Pres. DC (bar) Pressure (bar)   Constr. rmsd
   -2.20925e+02    6.56340e+01    3.20337e-06

           Step           Time
         240000      480.00000

   Energies (kJ/mol)
           Bond          Angle    Proper Dih.  Improper Dih.          LJ-14
    2.44113e+03    6.17992e+03    7.53639e+03    3.11850e+02    2.76891e+03
     Coulomb-14        LJ (SR)  Disper. corr.   Coulomb (SR)   Coul. recip.
    3.48371e+04    5.95010e+04   -4.52202e+03   -5.65873e+05    3.25474e+03
      Potential    Kinetic En.   Total Energy  Conserved En.    Temperature
   -4.53564e+05    8.64965e+04   -3.67067e+05   -3.97494e+05    3.01204e+02
 Pres. DC (bar) Pressure (bar)   Constr. rmsd
   -2.22554e+02    1.29704e+02    3.05548e-06

           Step           Time
         245000      490.00000

   Energies (kJ/mol)
           Bond          Angle    Proper Dih.  Improper Dih.          LJ-14
    2.36658e+03    6.40139e+03    7.67397e+03    3.53139e+02    2.84309e+03
     Coulomb-14        LJ (SR)  Disper. corr.   Coulomb (SR)   Coul. recip.
    3.47186e+04    6.03008e+04   -4.52034e+03   -5.68948e+05    3.30601e+03
      Potential    Kinetic En.   Total Energy  Conserved En.    Temperature
   -4.55505e+05    8.57642e+04   -3.69741e+05   -3.97500e+05    2.98654e+02
 Pres. DC (bar) Pressure (bar)   Constr. rmsd
   -2.22388e+02    1.05539e+02    3.13258e-06

           Step           Time
         250000      500.00000

   Energies (kJ/mol)
           Bond          Angle    Proper Dih.  Improper Dih.          LJ-14
    2.40512e+03    6.57434e+03    7.62524e+03    3.45130e+02    2.86570e+03
     Coulomb-14        LJ (SR)  Disper. corr.   Coulomb (SR)   Coul. recip.
    3.49186e+04    5.95719e+04   -4.54094e+03   -5.67136e+05    3.27195e+03
      Potential    Kinetic En.   Total Energy  Conserved En.    Temperature
   -4.54099e+05    8.54995e+04   -3.68599e+05   -3.97236e+05    2.97732e+02
 Pres. DC (bar) Pressure (bar)   Constr. rmsd
   -2.24417e+02    6.44915e+01    3.26546e-06

           Step           Time
         255000      510.00000

   Energies (kJ/mol)
           Bond          Angle    Proper Dih.  Improper Dih.          LJ-14
    2.38127e+03    6.72740e+03    7.58846e+03    3.08210e+02    2.87471e+03
     Coulomb-14        LJ (SR)  Disper. corr.   Coulomb (SR)   Coul. recip.
    3.48906e+04    5.85101e+04   -4.52715e+03   -5.66003e+05    3.32148e+03
      Potential    Kinetic En.   Total Energy  Conserved En.    Temperature
   -4.53928e+05    8.73475e+04   -3.66580e+05   -3.97077e+05    3.04168e+02
 Pres. DC (bar) Pressure (bar)   Constr. rmsd
   -2.23058e+02   -6.11530e+01    3.05679e-06

           Step           Time
         260000      520.00000

   Energies (kJ/mol)
           Bond          Angle    Proper Dih.  Improper Dih.          LJ-14
    2.41861e+03    6.41551e+03    7.57293e+03    3.11568e+02    2.78467e+03
     Coulomb-14        LJ (SR)  Disper. corr.   Coulomb (SR)   Coul. recip.
    3.47850e+04    5.94664e+04   -4.54674e+03   -5.67441e+05    3.27019e+03
      Potential    Kinetic En.   Total Energy  Conserved En.    Temperature
   -4.54963e+05    8.62306e+04   -3.68732e+05   -3.96929e+05    3.00278e+02
 Pres. DC (bar) Pressure (bar)   Constr. rmsd
   -2.24991e+02   -1.55065e+01    3.10483e-06

           Step           Time
         265000      530.00000

   Energies (kJ/mol)
           Bond          Angle    Proper Dih.  Improper Dih.          LJ-14
    2.19831e+03    6.28296e+03    7.61085e+03    3.35971e+02    2.77238e+03
     Coulomb-14        LJ (SR)  Disper. corr.   Coulomb (SR)   Coul. recip.
    3.47705e+04    6.01037e+04   -4.55804e+03   -5.68707e+05    3.24482e+03
      Potential    Kinetic En.   Total Energy  Conserved En.    Temperature
   -4.55946e+05    8.61631e+04   -3.69782e+05   -3.96894e+05    3.00043e+02
 Pres. DC (bar) Pressure (bar)   Constr. rmsd
   -2.26109e+02    1.19720e+02    3.03369e-06

           Step           Time
         270000      540.00000

   Energies (kJ/mol)
           Bond          Angle    Proper Dih.  Improper Dih.          LJ-14
    2.16518e+03    6.37595e+03    7.57055e+03    3.42180e+02    2.85686e+03
     Coulomb-14        LJ (SR)  Disper. corr.   Coulomb (SR)   Coul. recip.
    3.49319e+04    5.96472e+04   -4.51379e+03   -5.68075e+05    3.37200e+03
      Potential    Kinetic En.   Total Energy  Conserved En.    Temperature
   -4.55327e+05    8.60769e+04   -3.69250e+05   -3.96913e+05    2.99743e+02
 Pres. DC (bar) Pressure (bar)   Constr. rmsd
   -2.21745e+02    4.51340e+01    2.99253e-06

           Step           Time
         275000      550.00000

   Energies (kJ/mol)
           Bond          Angle    Proper Dih.  Improper Dih.          LJ-14
    2.40142e+03    6.14368e+03    7.65301e+03    3.55051e+02    2.80928e+03
     Coulomb-14        LJ (SR)  Disper. corr.   Coulomb (SR)   Coul. recip.
    3.48738e+04    6.04064e+04   -4.52270e+03   -5.68098e+05    3.28221e+03
      Potential    Kinetic En.   Total Energy  Conserved En.    Temperature
   -4.54696e+05    8.60888e+04   -3.68607e+05   -3.96802e+05    2.99784e+02
 Pres. DC (bar) Pressure (bar)   Constr. rmsd
   -2.22620e+02    7.54732e+01    2.93526e-06

           Step           Time
         280000      560.00000

   Energies (kJ/mol)
           Bond          Angle    Proper Dih.  Improper Dih.          LJ-14
    2.28363e+03    6.16158e+03    7.60221e+03    3.75781e+02    2.88111e+03
     Coulomb-14        LJ (SR)  Disper. corr.   Coulomb (SR)   Coul. recip.
    3.48710e+04    5.86508e+04   -4.49794e+03   -5.64964e+05    3.26875e+03
      Potential    Kinetic En.   Total Energy  Conserved En.    Temperature
   -4.53367e+05    8.69128e+04   -3.66454e+05   -3.96680e+05    3.02654e+02
 Pres. DC (bar) Pressure (bar)   Constr. rmsd
   -2.20193e+02   -8.41621e+01    3.10855e-06

           Step           Time
         285000      570.00000

   Energies (kJ/mol)
           Bond          Angle    Proper Dih.  Improper Dih.          LJ-14
    2.45131e+03    6.32754e+03    7.58879e+03    3.15462e+02    2.78142e+03
     Coulomb-14        LJ (SR)  Disper. corr.   Coulomb (SR)   Coul. recip.
    3.49353e+04    5.80371e+04   -4.50460e+03   -5.65255e+05    3.21001e+03
      Potential    Kinetic En.   Total Energy  Conserved En.    Temperature
   -4.54112e+05    8.63014e+04   -3.67811e+05   -3.96391e+05    3.00525e+02
 Pres. DC (bar) Pressure (bar)   Constr. rmsd
   -2.20844e+02   -3.16195e+02    3.01540e-06

           Step           Time
         290000      580.00000

   Energies (kJ/mol)
           Bond          Angle    Proper Dih.  Improper Dih.          LJ-14
    2.34968e+03    6.23793e+03    7.56161e+03    3.41004e+02    2.84840e+03
     Coulomb-14        LJ (SR)  Disper. corr.   Coulomb (SR)   Coul. recip.
    3.49817e+04    5.94168e+04   -4.52847e+03   -5.67359e+05    3.36395e+03
      Potential    Kinetic En.   Total Energy  Conserved En.    Temperature
   -4.54786e+05    8.53914e+04   -3.69395e+05   -3.96245e+05    2.97356e+02
 Pres. DC (bar) Pressure (bar)   Constr. rmsd
   -2.23188e+02   -9.51972e+01    3.00046e-06

           Step           Time
         295000      590.00000

   Energies (kJ/mol)
           Bond          Angle    Proper Dih.  Improper Dih.          LJ-14
    2.33691e+03    6.40032e+03    7.68200e+03    3.82287e+02    2.88969e+03
     Coulomb-14        LJ (SR)  Disper. corr.   Coulomb (SR)   Coul. recip.
    3.49233e+04    5.86119e+04   -4.52999e+03   -5.67484e+05    3.18489e+03
      Potential    Kinetic En.   Total Energy  Conserved En.    Temperature
   -4.55603e+05    8.51038e+04   -3.70499e+05   -3.96409e+05    2.96354e+02
 Pres. DC (bar) Pressure (bar)   Constr. rmsd
   -2.23338e+02   -2.46509e+02    2.88187e-06

           Step           Time
         300000      600.00000

   Energies (kJ/mol)
           Bond          Angle    Proper Dih.  Improper Dih.          LJ-14
    2.39186e+03    6.08350e+03    7.61614e+03    4.01480e+02    2.82642e+03
     Coulomb-14        LJ (SR)  Disper. corr.   Coulomb (SR)   Coul. recip.
    3.49635e+04    5.96641e+04   -4.51775e+03   -5.67721e+05    3.31469e+03
      Potential    Kinetic En.   Total Energy  Conserved En.    Temperature
   -4.54977e+05    8.59811e+04   -3.68996e+05   -3.96209e+05    2.99409e+02
 Pres. DC (bar) Pressure (bar)   Constr. rmsd
   -2.22134e+02   -8.01440e+01    3.56539e-06

           Step           Time
         305000      610.00000

   Energies (kJ/mol)
           Bond          Angle    Proper Dih.  Improper Dih.          LJ-14
    2.53203e+03    6.38796e+03    7.62537e+03    3.80068e+02    2.84370e+03
     Coulomb-14        LJ (SR)  Disper. corr.   Coulomb (SR)   Coul. recip.
    3.48019e+04    5.90176e+04   -4.53421e+03   -5.66038e+05    3.28583e+03
      Potential    Kinetic En.   Total Energy  Conserved En.    Temperature
   -4.53698e+05    8.63257e+04   -3.67372e+05   -3.95805e+05    3.00609e+02
 Pres. DC (bar) Pressure (bar)   Constr. rmsd
   -2.23754e+02    9.69351e+01    3.07087e-06

           Step           Time
         310000      620.00000

   Energies (kJ/mol)
           Bond          Angle    Proper Dih.  Improper Dih.          LJ-14
    2.21352e+03    6.43126e+03    7.61185e+03    3.37892e+02    2.88097e+03
     Coulomb-14        LJ (SR)  Disper. corr.   Coulomb (SR)   Coul. recip.
    3.48386e+04    5.90053e+04   -4.51781e+03   -5.67399e+05    3.25336e+03
      Potential    Kinetic En.   Total Energy  Conserved En.    Temperature
   -4.55344e+05    8.58183e+04   -3.69526e+05   -3.95793e+05    2.98842e+02
 Pres. DC (bar) Pressure (bar)   Constr. rmsd
   -2.22140e+02    3.43339e+01    3.05158e-06

           Step           Time
         315000      630.00000

   Energies (kJ/mol)
           Bond          Angle    Proper Dih.  Improper Dih.          LJ-14
    2.10812e+03    6.32636e+03    7.64159e+03    3.77234e+02    2.95748e+03
     Coulomb-14        LJ (SR)  Disper. corr.   Coulomb (SR)   Coul. recip.
    3.48461e+04    5.89166e+04   -4.51597e+03   -5.66478e+05    3.38725e+03
      Potential    Kinetic En.   Total Energy  Conserved En.    Temperature
   -4.54433e+05    8.61468e+04   -3.68286e+05   -3.95664e+05    2.99986e+02
 Pres. DC (bar) Pressure (bar)   Constr. rmsd
   -2.21959e+02   -2.02518e+01    2.94111e-06

           Step           Time
         320000      640.00000

   Energies (kJ/mol)
           Bond          Angle    Proper Dih.  Improper Dih.          LJ-14
    2.30716e+03    6.62047e+03    7.60571e+03    3.93823e+02    2.83700e+03
     Coulomb-14        LJ (SR)  Disper. corr.   Coulomb (SR)   Coul. recip.
    3.47381e+04    5.91041e+04   -4.51881e+03   -5.65967e+05    3.25697e+03
      Potential    Kinetic En.   Total Energy  Conserved En.    Temperature
   -4.53623e+05    8.62119e+04   -3.67411e+05   -3.95376e+05    3.00213e+02
 Pres. DC (bar) Pressure (bar)   Constr. rmsd
   -2.22238e+02   -1.87106e+01    3.06025e-06

           Step           Time
         325000      650.00000

   Energies (kJ/mol)
           Bond          Angle    Proper Dih.  Improper Dih.          LJ-14
    2.42131e+03    6.30070e+03    7.57388e+03    3.76518e+02    2.85075e+03
     Coulomb-14        LJ (SR)  Disper. corr.   Coulomb (SR)   Coul. recip.
    3.48224e+04    5.89864e+04   -4.50106e+03   -5.64858e+05    3.31224e+03
      Potential    Kinetic En.   Total Energy  Conserved En.    Temperature
   -4.52715e+05    8.60021e+04   -3.66713e+05   -3.95260e+05    2.99482e+02
 Pres. DC (bar) Pressure (bar)   Constr. rmsd
   -2.20498e+02   -1.16335e+02    2.83447e-06

           Step           Time
         330000      660.00000

   Energies (kJ/mol)
           Bond          Angle    Proper Dih.  Improper Dih.          LJ-14
    2.46971e+03    6.08919e+03    7.48536e+03    3.65903e+02    2.82754e+03
     Coulomb-14        LJ (SR)  Disper. corr.   Coulomb (SR)   Coul. recip.
    3.49414e+04    5.91539e+04   -4.51991e+03   -5.67336e+05    3.18742e+03
      Potential    Kinetic En.   Total Energy  Conserved En.    Temperature
   -4.55336e+05    8.64589e+04   -3.68877e+05   -3.95198e+05    3.01073e+02
 Pres. DC (bar) Pressure (bar)   Constr. rmsd
   -2.22347e+02   -1.43803e+02    3.22625e-06

           Step           Time
         335000      670.00000

   Energies (kJ/mol)
           Bond          Angle    Proper Dih.  Improper Dih.          LJ-14
    2.35768e+03    6.23390e+03    7.56326e+03    3.03782e+02    2.80938e+03
     Coulomb-14        LJ (SR)  Disper. corr.   Coulomb (SR)   Coul. recip.
    3.48326e+04    5.88281e+04   -4.52008e+03   -5.66520e+05    3.32543e+03
      Potential    Kinetic En.   Total Energy  Conserved En.    Temperature
   -4.54786e+05    8.66334e+04   -3.68152e+05   -3.95182e+05    3.01681e+02
 Pres. DC (bar) Pressure (bar)   Constr. rmsd
   -2.22363e+02   -2.05367e+02    3.07602e-06

           Step           Time
         340000      680.00000

   Energies (kJ/mol)
           Bond          Angle    Proper Dih.  Improper Dih.          LJ-14
    2.30654e+03    6.38911e+03    7.54392e+03    3.22394e+02    2.79851e+03
     Coulomb-14        LJ (SR)  Disper. corr.   Coulomb (SR)   Coul. recip.
    3.47982e+04    5.86183e+04   -4.50782e+03   -5.66196e+05    3.29499e+03
      Potential    Kinetic En.   Total Energy  Conserved En.    Temperature
   -4.54632e+05    8.65464e+04   -3.68085e+05   -3.94954e+05    3.01378e+02
 Pres. DC (bar) Pressure (bar)   Constr. rmsd
   -2.21160e+02   -1.23803e+02    3.48562e-06

           Step           Time
         345000      690.00000

   Energies (kJ/mol)
           Bond          Angle    Proper Dih.  Improper Dih.          LJ-14
    2.42616e+03    6.39990e+03    7.68381e+03    3.50802e+02    2.88831e+03
     Coulomb-14        LJ (SR)  Disper. corr.   Coulomb (SR)   Coul. recip.
    3.48807e+04    6.02700e+04   -4.54333e+03   -5.68440e+05    3.27926e+03
      Potential    Kinetic En.   Total Energy  Conserved En.    Temperature
   -4.54804e+05    8.59692e+04   -3.68835e+05   -3.94801e+05    2.99368e+02
 Pres. DC (bar) Pressure (bar)   Constr. rmsd
   -2.24654e+02    2.93221e+02    3.07379e-06

           Step           Time
         350000      700.00000

   Energies (kJ/mol)
           Bond          Angle    Proper Dih.  Improper Dih.          LJ-14
    2.37034e+03    6.34066e+03    7.45885e+03    3.08080e+02    2.80501e+03
     Coulomb-14        LJ (SR)  Disper. corr.   Coulomb (SR)   Coul. recip.
    3.47761e+04    5.91333e+04   -4.50394e+03   -5.65201e+05    3.35432e+03
      Potential    Kinetic En.   Total Energy  Conserved En.    Temperature
   -4.53158e+05    8.68401e+04   -3.66318e+05   -3.94913e+05    3.02401e+02
 Pres. DC (bar) Pressure (bar)   Constr. rmsd
   -2.20780e+02   -1.14895e+02    3.15359e-06

           Step           Time
         355000      710.00000

   Energies (kJ/mol)
           Bond          Angle    Proper Dih.  Improper Dih.          LJ-14
    2.26566e+03    6.36162e+03    7.50581e+03    3.27874e+02    2.73397e+03
     Coulomb-14        LJ (SR)  Disper. corr.   Coulomb (SR)   Coul. recip.
    3.46479e+04    5.98106e+04   -4.54295e+03   -5.67206e+05    3.31934e+03
      Potential    Kinetic En.   Total Energy  Conserved En.    Temperature
   -4.54776e+05    8.66748e+04   -3.68101e+05   -3.94795e+05    3.01825e+02
 Pres. DC (bar) Pressure (bar)   Constr. rmsd
   -2.24616e+02    9.96099e+01    3.03484e-06

           Step           Time
         360000      720.00000

   Energies (kJ/mol)
           Bond          Angle    Proper Dih.  Improper Dih.          LJ-14
    2.33199e+03    6.53485e+03    7.68725e+03    3.58343e+02    2.85055e+03
     Coulomb-14        LJ (SR)  Disper. corr.   Coulomb (SR)   Coul. recip.
    3.48235e+04    6.02679e+04   -4.52187e+03   -5.66883e+05    3.29878e+03
      Potential    Kinetic En.   Total Energy  Conserved En.    Temperature
   -4.53252e+05    8.65613e+04   -3.66690e+05   -3.94330e+05    3.01430e+02
 Pres. DC (bar) Pressure (bar)   Constr. rmsd
   -2.22539e+02    1.21833e+02    3.36801e-06

           Step           Time
         365000      730.00000

   Energies (kJ/mol)
           Bond          Angle    Proper Dih.  Improper Dih.          LJ-14
    2.29856e+03    6.42035e+03    7.60588e+03    3.95997e+02    2.84176e+03
     Coulomb-14        LJ (SR)  Disper. corr.   Coulomb (SR)   Coul. recip.
    3.49389e+04    5.94119e+04   -4.50578e+03   -5.65777e+05    3.28437e+03
      Potential    Kinetic En.   Total Energy  Conserved En.    Temperature
   -4.53085e+05    8.57891e+04   -3.67296e+05   -3.94474e+05    2.98741e+02
 Pres. DC (bar) Pressure (bar)   Constr. rmsd
   -2.20960e+02    3.02854e+01    3.20087e-06

           Step           Time
         370000      740.00000

   Energies (kJ/mol)
           Bond          Angle    Proper Dih.  Improper Dih.          LJ-14
    2.27529e+03    6.22695e+03    7.47510e+03    3.08983e+02    2.85158e+03
     Coulomb-14        LJ (SR)  Disper. corr.   Coulomb (SR)   Coul. recip.
    3.46563e+04    6.02162e+04   -4.52799e+03   -5.68022e+05    3.22963e+03
      Potential    Kinetic En.   Total Energy  Conserved En.    Temperature
   -4.55309e+05    8.65406e+04   -3.68769e+05   -3.94318e+05    3.01358e+02
 Pres. DC (bar) Pressure (bar)   Constr. rmsd
   -2.23141e+02    2.32053e+02    3.05112e-06

           Step           Time
         375000      750.00000

   Energies (kJ/mol)
           Bond          Angle    Proper Dih.  Improper Dih.          LJ-14
    2.41137e+03    6.45608e+03    7.52979e+03    3.71315e+02    2.76829e+03
     Coulomb-14        LJ (SR)  Disper. corr.   Coulomb (SR)   Coul. recip.
    3.45660e+04    5.90332e+04   -4.53348e+03   -5.65834e+05    3.29882e+03
      Potential    Kinetic En.   Total Energy  Conserved En.    Temperature
   -4.53932e+05    8.63517e+04   -3.67580e+05   -3.93836e+05    3.00700e+02
 Pres. DC (bar) Pressure (bar)   Constr. rmsd
   -2.23682e+02   -2.26409e+02    3.01268e-06

           Step           Time
         380000      760.00000

   Energies (kJ/mol)
           Bond          Angle    Proper Dih.  Improper Dih.          LJ-14
    2.39474e+03    6.46440e+03    7.73773e+03    4.08191e+02    2.79542e+03
     Coulomb-14        LJ (SR)  Disper. corr.   Coulomb (SR)   Coul. recip.
    3.44213e+04    5.81632e+04   -4.52054e+03   -5.64871e+05    3.33158e+03
      Potential    Kinetic En.   Total Energy  Conserved En.    Temperature
   -4.53675e+05    8.58615e+04   -3.67814e+05   -3.93937e+05    2.98993e+02
 Pres. DC (bar) Pressure (bar)   Constr. rmsd
   -2.22408e+02   -2.21429e+02    3.00346e-06

           Step           Time
         385000      770.00000

   Energies (kJ/mol)
           Bond          Angle    Proper Dih.  Improper Dih.          LJ-14
    2.34016e+03    6.36186e+03    7.63277e+03    4.19395e+02    2.86428e+03
     Coulomb-14        LJ (SR)  Disper. corr.   Coulomb (SR)   Coul. recip.
    3.47881e+04    5.89468e+04   -4.52868e+03   -5.65322e+05    3.33374e+03
      Potential    Kinetic En.   Total Energy  Conserved En.    Temperature
   -4.53163e+05    8.53749e+04   -3.67789e+05   -3.93720e+05    2.97298e+02
 Pres. DC (bar) Pressure (bar)   Constr. rmsd
   -2.23209e+02    1.38227e+02    3.14946e-06

           Step           Time
         390000      780.00000

   Energies (kJ/mol)
           Bond          Angle    Proper Dih.  Improper Dih.          LJ-14
    2.45677e+03    6.29772e+03    7.64456e+03    3.44785e+02    2.83409e+03
     Coulomb-14        LJ (SR)  Disper. corr.   Coulomb (SR)   Coul. recip.
    3.47589e+04    5.98836e+04   -4.53242e+03   -5.67630e+05    3.27363e+03
      Potential    Kinetic En.   Total Energy  Conserved En.    Temperature
   -4.54668e+05    8.60047e+04   -3.68664e+05   -3.93488e+05    2.99491e+02
 Pres. DC (bar) Pressure (bar)   Constr. rmsd
   -2.23578e+02    7.66188e+01    3.06377e-06

           Step           Time
         395000      790.00000

   Energies (kJ/mol)
           Bond          Angle    Proper Dih.  Improper Dih.          LJ-14
    2.34519e+03    6.36177e+03    7.60964e+03    3.65870e+02    2.84309e+03
     Coulomb-14        LJ (SR)  Disper. corr.   Coulomb (SR)   Coul. recip.
    3.49552e+04    6.07382e+04   -4.52954e+03   -5.69837e+05    3.18349e+03
      Potential    Kinetic En.   Total Energy  Conserved En.    Temperature
   -4.55964e+05    8.52559e+04   -3.70708e+05   -3.93304e+05    2.96884e+02
 Pres. DC (bar) Pressure (bar)   Constr. rmsd
   -2.23294e+02    7.23339e+01    3.00882e-06

Writing checkpoint, step 398750 at Fri Nov 27 11:58:52 2020


           Step           Time
         400000      800.00000

   Energies (kJ/mol)
           Bond          Angle    Proper Dih.  Improper Dih.          LJ-14
    2.46937e+03    6.31050e+03    7.61014e+03    3.86764e+02    2.82436e+03
     Coulomb-14        LJ (SR)  Disper. corr.   Coulomb (SR)   Coul. recip.
    3.46945e+04    5.75341e+04   -4.50065e+03   -5.64004e+05    3.29707e+03
      Potential    Kinetic En.   Total Energy  Conserved En.    Temperature
   -4.53377e+05    8.54679e+04   -3.67909e+05   -3.92962e+05    2.97622e+02
 Pres. DC (bar) Pressure (bar)   Constr. rmsd
   -2.20458e+02   -3.84987e+02    3.01942e-06

           Step           Time
         405000      810.00000

   Energies (kJ/mol)
           Bond          Angle    Proper Dih.  Improper Dih.          LJ-14
    2.43325e+03    6.51658e+03    7.67288e+03    3.15091e+02    2.75847e+03
     Coulomb-14        LJ (SR)  Disper. corr.   Coulomb (SR)   Coul. recip.
    3.45832e+04    6.05061e+04   -4.52738e+03   -5.68328e+05    3.22601e+03
      Potential    Kinetic En.   Total Energy  Conserved En.    Temperature
   -4.54844e+05    8.63779e+04   -3.68466e+05   -3.93119e+05    3.00791e+02
 Pres. DC (bar) Pressure (bar)   Constr. rmsd
   -2.23081e+02    4.75627e+01    2.93928e-06

           Step           Time
         410000      820.00000

   Energies (kJ/mol)
           Bond          Angle    Proper Dih.  Improper Dih.          LJ-14
    2.26950e+03    6.50703e+03    7.51548e+03    3.75181e+02    2.84769e+03
     Coulomb-14        LJ (SR)  Disper. corr.   Coulomb (SR)   Coul. recip.
    3.49141e+04    5.91735e+04   -4.50853e+03   -5.67215e+05    3.22609e+03
      Potential    Kinetic En.   Total Energy  Conserved En.    Temperature
   -4.54895e+05    8.62346e+04   -3.68660e+05   -3.92899e+05    3.00292e+02
 Pres. DC (bar) Pressure (bar)   Constr. rmsd
   -2.21229e+02   -1.35873e+02    2.85173e-06

           Step           Time
         415000      830.00000

   Energies (kJ/mol)
           Bond          Angle    Proper Dih.  Improper Dih.          LJ-14
    2.24005e+03    6.18790e+03    7.65362e+03    3.23741e+02    2.86365e+03
     Coulomb-14        LJ (SR)  Disper. corr.   Coulomb (SR)   Coul. recip.
    3.48861e+04    5.95139e+04   -4.52148e+03   -5.66826e+05    3.25365e+03
      Potential    Kinetic En.   Total Energy  Conserved En.    Temperature
   -4.54425e+05    8.60363e+04   -3.68388e+05   -3.92954e+05    2.99602e+02
 Pres. DC (bar) Pressure (bar)   Constr. rmsd
   -2.22501e+02    1.36234e+02    3.08458e-06

           Step           Time
         420000      840.00000

   Energies (kJ/mol)
           Bond          Angle    Proper Dih.  Improper Dih.          LJ-14
    2.27619e+03    6.52286e+03    7.78136e+03    3.55801e+02    2.82863e+03
     Coulomb-14        LJ (SR)  Disper. corr.   Coulomb (SR)   Coul. recip.
    3.47476e+04    5.87302e+04   -4.53860e+03   -5.66914e+05    3.21063e+03
      Potential    Kinetic En.   Total Energy  Conserved En.    Temperature
   -4.54999e+05    8.52618e+04   -3.69737e+05   -3.92787e+05    2.96904e+02
 Pres. DC (bar) Pressure (bar)   Constr. rmsd
   -2.24187e+02   -4.51792e+01    3.14381e-06

           Step           Time
         425000      850.00000

   Energies (kJ/mol)
           Bond          Angle    Proper Dih.  Improper Dih.          LJ-14
    2.36329e+03    6.49052e+03    7.72135e+03    3.67473e+02    2.72583e+03
     Coulomb-14        LJ (SR)  Disper. corr.   Coulomb (SR)   Coul. recip.
    3.44187e+04    5.86980e+04   -4.51374e+03   -5.64823e+05    3.33432e+03
      Potential    Kinetic En.   Total Energy  Conserved En.    Temperature
   -4.53217e+05    8.60687e+04   -3.67148e+05   -3.92717e+05    2.99714e+02
 Pres. DC (bar) Pressure (bar)   Constr. rmsd
   -2.21741e+02   -2.65284e+02    3.37040e-06

           Step           Time
         430000      860.00000

   Energies (kJ/mol)
           Bond          Angle    Proper Dih.  Improper Dih.          LJ-14
    2.35353e+03    6.38978e+03    7.60230e+03    3.84693e+02    2.86908e+03
     Coulomb-14        LJ (SR)  Disper. corr.   Coulomb (SR)   Coul. recip.
    3.48352e+04    6.08910e+04   -4.52769e+03   -5.68560e+05    3.25326e+03
      Potential    Kinetic En.   Total Energy  Conserved En.    Temperature
   -4.54509e+05    8.62823e+04   -3.68227e+05   -3.92438e+05    3.00458e+02
 Pres. DC (bar) Pressure (bar)   Constr. rmsd
   -2.23112e+02    2.72323e+02    3.11056e-06

           Step           Time
         435000      870.00000

   Energies (kJ/mol)
           Bond          Angle    Proper Dih.  Improper Dih.          LJ-14
    2.30985e+03    6.34814e+03    7.67225e+03    3.62854e+02    2.82960e+03
     Coulomb-14        LJ (SR)  Disper. corr.   Coulomb (SR)   Coul. recip.
    3.47726e+04    5.93916e+04   -4.53875e+03   -5.66524e+05    3.34773e+03
      Potential    Kinetic En.   Total Energy  Conserved En.    Temperature
   -4.54028e+05    8.64547e+04   -3.67574e+05   -3.92494e+05    3.01059e+02
 Pres. DC (bar) Pressure (bar)   Constr. rmsd
   -2.24202e+02    1.27336e+02    3.12444e-06

           Step           Time
         440000      880.00000

   Energies (kJ/mol)
           Bond          Angle    Proper Dih.  Improper Dih.          LJ-14
    2.41143e+03    6.68297e+03    7.56640e+03    3.66814e+02    2.83008e+03
     Coulomb-14        LJ (SR)  Disper. corr.   Coulomb (SR)   Coul. recip.
    3.48568e+04    5.81492e+04   -4.51023e+03   -5.64280e+05    3.34526e+03
      Potential    Kinetic En.   Total Energy  Conserved En.    Temperature
   -4.52582e+05    8.59552e+04   -3.66626e+05   -3.92230e+05    2.99319e+02
 Pres. DC (bar) Pressure (bar)   Constr. rmsd
   -2.21396e+02   -1.68616e+02    3.11039e-06

           Step           Time
         445000      890.00000

   Energies (kJ/mol)
           Bond          Angle    Proper Dih.  Improper Dih.          LJ-14
    2.47176e+03    6.48790e+03    7.64157e+03    3.43754e+02    2.80529e+03
     Coulomb-14        LJ (SR)  Disper. corr.   Coulomb (SR)   Coul. recip.
    3.48106e+04    5.74770e+04   -4.51503e+03   -5.64327e+05    3.25055e+03
      Potential    Kinetic En.   Total Energy  Conserved En.    Temperature
   -4.53553e+05    8.69670e+04   -3.66586e+05   -3.92235e+05    3.02843e+02
 Pres. DC (bar) Pressure (bar)   Constr. rmsd
   -2.21867e+02   -3.01573e+02    3.29283e-06

           Step           Time
         450000      900.00000

   Energies (kJ/mol)
           Bond          Angle    Proper Dih.  Improper Dih.          LJ-14
    2.21754e+03    6.32064e+03    7.67181e+03    3.38847e+02    2.84421e+03
     Coulomb-14        LJ (SR)  Disper. corr.   Coulomb (SR)   Coul. recip.
    3.49049e+04    5.97297e+04   -4.53365e+03   -5.68137e+05    3.16125e+03
      Potential    Kinetic En.   Total Energy  Conserved En.    Temperature
   -4.55482e+05    8.55458e+04   -3.69936e+05   -3.92253e+05    2.97893e+02
 Pres. DC (bar) Pressure (bar)   Constr. rmsd
   -2.23698e+02    1.01412e+02    2.94426e-06

           Step           Time
         455000      910.00000

   Energies (kJ/mol)
           Bond          Angle    Proper Dih.  Improper Dih.          LJ-14
    2.45093e+03    6.48841e+03    7.66653e+03    3.45459e+02    2.77648e+03
     Coulomb-14        LJ (SR)  Disper. corr.   Coulomb (SR)   Coul. recip.
    3.47775e+04    5.97093e+04   -4.49976e+03   -5.66546e+05    3.33396e+03
      Potential    Kinetic En.   Total Energy  Conserved En.    Temperature
   -4.53498e+05    8.53261e+04   -3.68172e+05   -3.91829e+05    2.97128e+02
 Pres. DC (bar) Pressure (bar)   Constr. rmsd
   -2.20370e+02    3.64795e+01    3.32943e-06

           Step           Time
         460000      920.00000

   Energies (kJ/mol)
           Bond          Angle    Proper Dih.  Improper Dih.          LJ-14
    2.31231e+03    6.07441e+03    7.61512e+03    3.68341e+02    2.87536e+03
     Coulomb-14        LJ (SR)  Disper. corr.   Coulomb (SR)   Coul. recip.
    3.50134e+04    5.91467e+04   -4.53472e+03   -5.66426e+05    3.34731e+03
      Potential    Kinetic En.   Total Energy  Conserved En.    Temperature
   -4.54208e+05    8.58226e+04   -3.68385e+05   -3.91776e+05    2.98857e+02
 Pres. DC (bar) Pressure (bar)   Constr. rmsd
   -2.23804e+02    4.19789e+01    2.88468e-06

           Step           Time
         465000      930.00000

   Energies (kJ/mol)
           Bond          Angle    Proper Dih.  Improper Dih.          LJ-14
    2.45910e+03    6.25968e+03    7.62974e+03    3.76354e+02    2.78490e+03
     Coulomb-14        LJ (SR)  Disper. corr.   Coulomb (SR)   Coul. recip.
    3.48632e+04    5.79682e+04   -4.51248e+03   -5.64993e+05    3.29324e+03
      Potential    Kinetic En.   Total Energy  Conserved En.    Temperature
   -4.53871e+05    8.60671e+04   -3.67804e+05   -3.91712e+05    2.99709e+02
 Pres. DC (bar) Pressure (bar)   Constr. rmsd
   -2.21616e+02   -3.43885e+02    3.15777e-06

           Step           Time
         470000      940.00000

   Energies (kJ/mol)
           Bond          Angle    Proper Dih.  Improper Dih.          LJ-14
    2.33440e+03    6.56506e+03    7.58156e+03    3.65890e+02    2.78320e+03
     Coulomb-14        LJ (SR)  Disper. corr.   Coulomb (SR)   Coul. recip.
    3.46566e+04    5.99508e+04   -4.51852e+03   -5.66382e+05    3.23781e+03
      Potential    Kinetic En.   Total Energy  Conserved En.    Temperature
   -4.53425e+05    8.67182e+04   -3.66707e+05   -3.91332e+05    3.01976e+02
 Pres. DC (bar) Pressure (bar)   Constr. rmsd
   -2.22210e+02    5.67103e+01    3.44579e-06

           Step           Time
         475000      950.00000

   Energies (kJ/mol)
           Bond          Angle    Proper Dih.  Improper Dih.          LJ-14
    2.24227e+03    6.54570e+03    7.67384e+03    3.25324e+02    2.83017e+03
     Coulomb-14        LJ (SR)  Disper. corr.   Coulomb (SR)   Coul. recip.
    3.47317e+04    5.90062e+04   -4.53852e+03   -5.65840e+05    3.25946e+03
      Potential    Kinetic En.   Total Energy  Conserved En.    Temperature
   -4.53764e+05    8.62377e+04   -3.67526e+05   -3.91376e+05    3.00303e+02
 Pres. DC (bar) Pressure (bar)   Constr. rmsd
   -2.24179e+02    6.80566e+00    3.34599e-06

           Step           Time
         480000      960.00000

   Energies (kJ/mol)
           Bond          Angle    Proper Dih.  Improper Dih.          LJ-14
    2.45104e+03    6.47796e+03    7.70414e+03    3.44554e+02    2.69285e+03
     Coulomb-14        LJ (SR)  Disper. corr.   Coulomb (SR)   Coul. recip.
    3.46750e+04    5.95522e+04   -4.53634e+03   -5.67822e+05    3.29084e+03
      Potential    Kinetic En.   Total Energy  Conserved En.    Temperature
   -4.55169e+05    8.65309e+04   -3.68638e+05   -3.91202e+05    3.01324e+02
 Pres. DC (bar) Pressure (bar)   Constr. rmsd
   -2.23963e+02   -2.53706e+02    3.22575e-06

           Step           Time
         485000      970.00000

   Energies (kJ/mol)
           Bond          Angle    Proper Dih.  Improper Dih.          LJ-14
    2.29200e+03    6.40553e+03    7.62783e+03    3.10723e+02    2.86936e+03
     Coulomb-14        LJ (SR)  Disper. corr.   Coulomb (SR)   Coul. recip.
    3.47146e+04    5.94421e+04   -4.52110e+03   -5.67077e+05    3.27236e+03
      Potential    Kinetic En.   Total Energy  Conserved En.    Temperature
   -4.54664e+05    8.65845e+04   -3.68079e+05   -3.91273e+05    3.01511e+02
 Pres. DC (bar) Pressure (bar)   Constr. rmsd
   -2.22463e+02    1.23759e+02    3.02885e-06

           Step           Time
         490000      980.00000

   Energies (kJ/mol)
           Bond          Angle    Proper Dih.  Improper Dih.          LJ-14
    2.30077e+03    6.52979e+03    7.61677e+03    3.50934e+02    2.81919e+03
     Coulomb-14        LJ (SR)  Disper. corr.   Coulomb (SR)   Coul. recip.
    3.46987e+04    6.01586e+04   -4.51813e+03   -5.67669e+05    3.29417e+03
      Potential    Kinetic En.   Total Energy  Conserved En.    Temperature
   -4.54418e+05    8.59138e+04   -3.68505e+05   -3.91083e+05    2.99175e+02
 Pres. DC (bar) Pressure (bar)   Constr. rmsd
   -2.22171e+02    4.44509e+01    3.13400e-06

           Step           Time
         495000      990.00000

   Energies (kJ/mol)
           Bond          Angle    Proper Dih.  Improper Dih.          LJ-14
    2.28052e+03    6.54877e+03    7.67491e+03    3.41860e+02    2.78536e+03
     Coulomb-14        LJ (SR)  Disper. corr.   Coulomb (SR)   Coul. recip.
    3.48873e+04    5.89175e+04   -4.50215e+03   -5.64437e+05    3.36946e+03
      Potential    Kinetic En.   Total Energy  Conserved En.    Temperature
   -4.52134e+05    8.67362e+04   -3.65398e+05   -3.90813e+05    3.02039e+02
 Pres. DC (bar) Pressure (bar)   Constr. rmsd
   -2.20605e+02   -6.18085e+01    3.18698e-06

           Step           Time
         500000     1000.00000

Writing checkpoint, step 500000 at Fri Nov 27 12:06:33 2020


   Energies (kJ/mol)
           Bond          Angle    Proper Dih.  Improper Dih.          LJ-14
    2.24715e+03    6.43256e+03    7.62487e+03    3.19442e+02    2.85597e+03
     Coulomb-14        LJ (SR)  Disper. corr.   Coulomb (SR)   Coul. recip.
    3.47585e+04    6.03193e+04   -4.53475e+03   -5.68542e+05    3.24520e+03
      Potential    Kinetic En.   Total Energy  Conserved En.    Temperature
   -4.55274e+05    8.57199e+04   -3.69554e+05   -3.90651e+05    2.98500e+02
 Pres. DC (bar) Pressure (bar)   Constr. rmsd
   -2.23807e+02    2.23177e+02    2.90546e-06


	<======  ###############  ==>
	<====  A V E R A G E S  ====>
	<==  ###############  ======>

	Statistics over 500001 steps using 5001 frames

   Energies (kJ/mol)
           Bond          Angle    Proper Dih.  Improper Dih.          LJ-14
    2.33461e+03    6.40009e+03    7.63353e+03    3.52898e+02    2.83073e+03
     Coulomb-14        LJ (SR)  Disper. corr.   Coulomb (SR)   Coul. recip.
    3.48646e+04    5.94602e+04   -4.52144e+03   -5.66923e+05    3.29533e+03
      Potential    Kinetic En.   Total Energy  Conserved En.    Temperature
   -4.54273e+05    8.61507e+04   -3.68122e+05   -3.97482e+05    3.00000e+02
 Pres. DC (bar) Pressure (bar)   Constr. rmsd
   -2.22499e+02    6.16863e-01    0.00000e+00

          Box-X          Box-Y          Box-Z
    6.96479e+00    6.96479e+00    6.96479e+00

   Total Virial (kJ/mol)
    2.86606e+04   -3.29116e-01   -5.64348e+00
   -4.65538e-01    2.87116e+04    1.11294e+01
   -5.90083e+00    1.12709e+01    2.87665e+04

   Pressure (bar)
    3.32901e+00    5.94961e-01    7.63116e-01
    6.08445e-01    9.49584e-01    9.86494e-01
    7.88420e-01    9.72569e-01   -2.42802e+00

      T-Protein  T-non-Protein
    2.99971e+02    3.00003e+02


	M E G A - F L O P S   A C C O U N T I N G

 NB=Group-cutoff nonbonded kernels    NxN=N-by-N cluster Verlet kernels
 RF=Reaction-Field  VdW=Van der Waals  QSTab=quadratic-spline table
 W3=SPC/TIP3p  W4=TIP4p (single or pairs)
 V&F=Potential and force  V=Potential only  F=Force only

 Computing:                               M-Number         M-Flops  % Flops
-----------------------------------------------------------------------------
 Pair Search distance check          112762.367350     1014861.306     0.2
 NxN Ewald Elec. + LJ [F]           4555494.619176   300662644.866    53.8
 NxN Ewald Elec. + LJ [V&F]           46024.557840     4924627.689     0.9
 NxN Ewald Elec. [F]                3661565.193528   223355476.805    40.0
 NxN Ewald Elec. [V&F]                36992.475728     3107367.961     0.6
 1,4 nonbonded interactions            4156.008312      374040.748     0.1
 Calc Weights                         50623.601247     1822449.645     0.3
 Spread Q Bspline                   1079970.159936     2159940.320     0.4
 Gather F Bspline                   1079970.159936     6479820.960     1.2
 3D-FFT                             1395170.790336    11161366.323     2.0
 Solve PME                              968.001936       61952.124     0.0
 Shift-X                                337.523749        2025.142     0.0
 Bonds                                  771.001542       45489.091     0.0
 Angles                                2886.005772      484848.970     0.1
 Propers                               4514.009028     1033708.067     0.2
 Impropers                              275.000550       57200.114     0.0
 Virial                                1689.733794       30415.208     0.0
 Stop-CM                                168.812498        1688.125     0.0
 Calc-Ekin                             3374.967498       91124.122     0.0
 Lincs                                  806.004836       48360.290     0.0
 Lincs-Mat                             4716.028296       18864.113     0.0
 Constraint-V                         16889.567558      135116.540     0.0
 Constraint-Vir                        1608.382167       38601.172     0.0
 Settle                                5092.530555     1644887.369     0.3
-----------------------------------------------------------------------------
 Total                                               558756877.072   100.0
-----------------------------------------------------------------------------


     R E A L   C Y C L E   A N D   T I M E   A C C O U N T I N G

On 1 MPI rank, each using 16 OpenMP threads

 Computing:          Num   Num      Call    Wall time         Giga-Cycles
                     Ranks Threads  Count      (s)         total sum    %
-----------------------------------------------------------------------------
 Neighbor search        1   16      10001      56.932       1821.781   2.5
 Force                  1   16     500001    1679.062      53728.446  74.2
 PME mesh               1   16     500001     379.726      12150.891  16.8
 NB X/F buffer ops.     1   16     990001      68.235       2183.461   3.0
 Write traj.            1   16        103       2.333         74.640   0.1
 Update                 1   16     500001      24.284        777.056   1.1
 Constraints            1   16     500003      35.511       1136.327   1.6
 Rest                                          16.241        519.710   0.7
-----------------------------------------------------------------------------
 Total                                       2262.324      72392.311 100.0
-----------------------------------------------------------------------------
 Breakdown of PME mesh computation
-----------------------------------------------------------------------------
 PME spread             1   16     500001     145.965       4670.740   6.5
 PME gather             1   16     500001     128.196       4102.167   5.7
 PME 3D-FFT             1   16    1000002      90.991       2911.623   4.0
 PME solve Elec         1   16     500001      12.989        415.645   0.6
-----------------------------------------------------------------------------

               Core t (s)   Wall t (s)        (%)
       Time:    36197.139     2262.324     1600.0
                         37:42
                 (ns/day)    (hour/ns)
Performance:       38.191        0.628
Finished mdrun on rank 0 Fri Nov 27 12:06:33 2020

